<?xml version="1.0" encoding="UTF-8"?>
<!-- Generated by org.testng.reporters.JUnitReportReporter -->
<testsuite skipped="0" hostname="AmirPC" name="com.crm.qa.testcases.TaskPageTest" tests="3" failures="0" timestamp="2020-10-07T10:58:22 PKT" time="103.753" errors="0">
  <testcase name="verifyTitle" time="24.446" classname="com.crm.qa.testcases.TaskPageTest"/>
  <testcase name="verifyNewTask" time="38.546" classname="com.crm.qa.testcases.TaskPageTest"/>
  <testcase name="verifyNewTask" time="40.761" classname="com.crm.qa.testcases.TaskPageTest"/>
</testsuite> <!-- com.crm.qa.testcases.TaskPageTest -->
