<?xml version="1.0" encoding="UTF-8"?>
<!-- Generated by org.testng.reporters.JUnitReportReporter -->
<testsuite skipped="0" hostname="AmirPC" name="com.crm.qa.testcases.DealPageTest" tests="4" failures="0" timestamp="2020-10-07T10:58:22 PKT" time="188.349" errors="0">
  <testcase name="validatetitle" time="18.165" classname="com.crm.qa.testcases.DealPageTest"/>
  <testcase name="validateNewDeal" time="55.617" classname="com.crm.qa.testcases.DealPageTest"/>
  <testcase name="validateNewDeal" time="57.067" classname="com.crm.qa.testcases.DealPageTest"/>
  <testcase name="validateNewDeal" time="57.500" classname="com.crm.qa.testcases.DealPageTest"/>
</testsuite> <!-- com.crm.qa.testcases.DealPageTest -->
